{
  "RSpec": {
    "coverage": {
      "/mnt/c/Users/marco/OneDrive/Desktop/UNIVERSITA'/MAGISTRALE/2° Anno Accademico/2° semestre/Ingegneria del Software Avanzata/Progetto/prenotazione-eventi/spec/features/user_login_spec.rb": {
        "lines": [
          1,
          null,
          1,
          4,
          null,
          1,
          1,
          null,
          1,
          1,
          1,
          null,
          1,
          null,
          null,
          1,
          1,
          null,
          1,
          1,
          1,
          null,
          1,
          null,
          null,
          1,
          1,
          null,
          1,
          1,
          1,
          null,
          1,
          null,
          1,
          null,
          1,
          null,
          null
        ]
      },
      "/mnt/c/Users/marco/OneDrive/Desktop/UNIVERSITA'/MAGISTRALE/2° Anno Accademico/2° semestre/Ingegneria del Software Avanzata/Progetto/prenotazione-eventi/spec/rails_helper.rb": {
        "lines": [
          null,
          1,
          null,
          1,
          1,
          null,
          1,
          1,
          1,
          null,
          null,
          null,
          null,
          null,
          null,
          null,
          null,
          null,
          null,
          null,
          null,
          null,
          null,
          null,
          null,
          null,
          null,
          null,
          null,
          1,
          null,
          0,
          null,
          1,
          null,
          1,
          null,
          null,
          null,
          null,
          null,
          null,
          1,
          null,
          null,
          null,
          null,
          null,
          null,
          null,
          null,
          null,
          null,
          null,
          null,
          null,
          null,
          null,
          null,
          null,
          1,
          null,
          null,
          1,
          null,
          null,
          null,
          1,
          1,
          null,
          null
        ]
      },
      "/mnt/c/Users/marco/OneDrive/Desktop/UNIVERSITA'/MAGISTRALE/2° Anno Accademico/2° semestre/Ingegneria del Software Avanzata/Progetto/prenotazione-eventi/config/environment.rb": {
        "lines": [
          null,
          1,
          null,
          null,
          1
        ]
      },
      "/mnt/c/Users/marco/OneDrive/Desktop/UNIVERSITA'/MAGISTRALE/2° Anno Accademico/2° semestre/Ingegneria del Software Avanzata/Progetto/prenotazione-eventi/config/application.rb": {
        "lines": [
          1,
          null,
          1,
          null,
          null,
          null,
          1,
          null,
          1,
          1,
          null,
          1,
          null,
          null,
          null,
          null,
          1,
          null,
          null,
          null,
          null,
          null,
          null,
          null,
          null,
          null,
          null
        ]
      },
      "/mnt/c/Users/marco/OneDrive/Desktop/UNIVERSITA'/MAGISTRALE/2° Anno Accademico/2° semestre/Ingegneria del Software Avanzata/Progetto/prenotazione-eventi/config/boot.rb": {
        "lines": [
          1,
          null,
          1,
          1
        ]
      },
      "/mnt/c/Users/marco/OneDrive/Desktop/UNIVERSITA'/MAGISTRALE/2° Anno Accademico/2° semestre/Ingegneria del Software Avanzata/Progetto/prenotazione-eventi/config/environments/test.rb": {
        "lines": [
          1,
          null,
          null,
          null,
          null,
          null,
          null,
          1,
          null,
          null,
          null,
          1,
          null,
          null,
          null,
          null,
          null,
          1,
          null,
          null,
          1,
          1,
          null,
          null,
          null,
          null,
          1,
          1,
          1,
          null,
          null,
          1,
          null,
          null,
          1,
          null,
          null,
          1,
          null,
          1,
          null,
          null,
          null,
          null,
          1,
          null,
          null,
          1,
          null,
          null,
          1,
          null,
          null,
          1,
          null,
          null,
          null,
          null,
          null,
          null,
          null,
          null,
          1,
          null
        ]
      },
      "/mnt/c/Users/marco/OneDrive/Desktop/UNIVERSITA'/MAGISTRALE/2° Anno Accademico/2° semestre/Ingegneria del Software Avanzata/Progetto/prenotazione-eventi/config/initializers/assets.rb": {
        "lines": [
          null,
          null,
          null,
          1,
          null,
          null,
          null,
          null,
          null,
          null,
          null,
          null
        ]
      },
      "/mnt/c/Users/marco/OneDrive/Desktop/UNIVERSITA'/MAGISTRALE/2° Anno Accademico/2° semestre/Ingegneria del Software Avanzata/Progetto/prenotazione-eventi/config/initializers/content_security_policy.rb": {
        "lines": [
          null,
          null,
          null,
          null,
          null,
          null,
          null,
          null,
          null,
          null,
          null,
          null,
          null,
          null,
          null,
          null,
          null,
          null,
          null,
          null,
          null,
          null,
          null,
          null,
          null
        ]
      },
      "/mnt/c/Users/marco/OneDrive/Desktop/UNIVERSITA'/MAGISTRALE/2° Anno Accademico/2° semestre/Ingegneria del Software Avanzata/Progetto/prenotazione-eventi/config/initializers/filter_parameter_logging.rb": {
        "lines": [
          null,
          null,
          null,
          null,
          null,
          1,
          null,
          null
        ]
      },
      "/mnt/c/Users/marco/OneDrive/Desktop/UNIVERSITA'/MAGISTRALE/2° Anno Accademico/2° semestre/Ingegneria del Software Avanzata/Progetto/prenotazione-eventi/config/initializers/inflections.rb": {
        "lines": [
          null,
          null,
          null,
          null,
          null,
          null,
          null,
          null,
          null,
          null,
          null,
          null,
          null,
          null,
          null,
          null
        ]
      },
      "/mnt/c/Users/marco/OneDrive/Desktop/UNIVERSITA'/MAGISTRALE/2° Anno Accademico/2° semestre/Ingegneria del Software Avanzata/Progetto/prenotazione-eventi/config/initializers/permissions_policy.rb": {
        "lines": [
          null,
          null,
          null,
          null,
          null,
          null,
          null,
          null,
          null,
          null,
          null,
          null,
          null
        ]
      },
      "/mnt/c/Users/marco/OneDrive/Desktop/UNIVERSITA'/MAGISTRALE/2° Anno Accademico/2° semestre/Ingegneria del Software Avanzata/Progetto/prenotazione-eventi/spec/factories/event.rb": {
        "lines": [
          1,
          1,
          1,
          41,
          41,
          41,
          31,
          34,
          35,
          35,
          31,
          null,
          null
        ]
      },
      "/mnt/c/Users/marco/OneDrive/Desktop/UNIVERSITA'/MAGISTRALE/2° Anno Accademico/2° semestre/Ingegneria del Software Avanzata/Progetto/prenotazione-eventi/spec/factories/notifications.rb": {
        "lines": [
          1,
          1,
          8,
          7,
          1,
          1,
          null,
          null
        ]
      },
      "/mnt/c/Users/marco/OneDrive/Desktop/UNIVERSITA'/MAGISTRALE/2° Anno Accademico/2° semestre/Ingegneria del Software Avanzata/Progetto/prenotazione-eventi/spec/factories/subscription.rb": {
        "lines": [
          1,
          1,
          1,
          1,
          null,
          null
        ]
      },
      "/mnt/c/Users/marco/OneDrive/Desktop/UNIVERSITA'/MAGISTRALE/2° Anno Accademico/2° semestre/Ingegneria del Software Avanzata/Progetto/prenotazione-eventi/spec/factories/user.rb": {
        "lines": [
          1,
          1,
          85,
          85,
          85,
          85,
          82,
          83,
          85,
          85,
          null,
          null
        ]
      },
      "/mnt/c/Users/marco/OneDrive/Desktop/UNIVERSITA'/MAGISTRALE/2° Anno Accademico/2° semestre/Ingegneria del Software Avanzata/Progetto/prenotazione-eventi/config/routes.rb": {
        "lines": [
          1,
          null,
          null,
          null,
          null,
          1,
          null,
          null,
          null,
          null,
          1,
          null,
          1,
          null,
          1,
          null,
          1,
          1,
          1,
          null,
          null,
          null,
          1,
          1,
          1,
          1,
          null,
          null,
          1,
          1,
          1,
          1,
          1,
          null,
          null,
          null,
          null,
          1,
          1,
          null,
          1,
          1,
          null,
          1,
          null,
          null,
          null
        ]
      },
      "/mnt/c/Users/marco/OneDrive/Desktop/UNIVERSITA'/MAGISTRALE/2° Anno Accademico/2° semestre/Ingegneria del Software Avanzata/Progetto/prenotazione-eventi/app/helpers/application_helper.rb": {
        "lines": [
          1,
          null
        ]
      },
      "/mnt/c/Users/marco/OneDrive/Desktop/UNIVERSITA'/MAGISTRALE/2° Anno Accademico/2° semestre/Ingegneria del Software Avanzata/Progetto/prenotazione-eventi/spec/features/user_registration_spec.rb": {
        "lines": [
          1,
          null,
          1,
          1,
          1,
          null,
          1,
          1,
          1,
          1,
          1,
          1,
          1,
          1,
          1,
          null,
          1,
          null,
          null,
          1,
          1,
          null,
          1,
          1,
          1,
          1,
          1,
          1,
          1,
          1,
          1,
          null,
          1,
          null,
          null,
          1,
          1,
          null,
          1,
          1,
          1,
          1,
          1,
          1,
          1,
          1,
          1,
          null,
          1,
          null,
          null,
          1,
          1,
          null,
          1,
          1,
          1,
          1,
          1,
          1,
          1,
          1,
          1,
          null,
          1,
          null,
          null
        ]
      },
      "/mnt/c/Users/marco/OneDrive/Desktop/UNIVERSITA'/MAGISTRALE/2° Anno Accademico/2° semestre/Ingegneria del Software Avanzata/Progetto/prenotazione-eventi/spec/features/user_subscribe_spec.rb": {
        "lines": [
          1,
          null,
          1,
          4,
          4,
          4,
          4,
          null,
          1,
          3,
          3,
          3,
          3,
          3,
          null,
          null,
          1,
          1,
          null,
          1,
          1,
          null,
          1,
          null,
          null,
          1,
          1,
          1,
          1,
          null,
          1,
          null,
          1,
          1,
          1,
          null,
          1,
          null,
          null,
          1,
          1,
          1,
          null,
          1,
          1,
          1,
          null,
          1,
          null,
          null
        ]
      },
      "/mnt/c/Users/marco/OneDrive/Desktop/UNIVERSITA'/MAGISTRALE/2° Anno Accademico/2° semestre/Ingegneria del Software Avanzata/Progetto/prenotazione-eventi/spec/models/event_spec.rb": {
        "lines": [
          1,
          null,
          1,
          1,
          2,
          null,
          1,
          1,
          1,
          1,
          null,
          null,
          null,
          1,
          2,
          null,
          1,
          1,
          1,
          1,
          null,
          null,
          null,
          1,
          2,
          null,
          1,
          1,
          1,
          1,
          null,
          null,
          null,
          1,
          2,
          null,
          1,
          1,
          1,
          1,
          null,
          null,
          null,
          1,
          2,
          null,
          1,
          1,
          1,
          1,
          null,
          null,
          null,
          1,
          2,
          null,
          1,
          1,
          1,
          1,
          null,
          null,
          null,
          1,
          3,
          null,
          1,
          1,
          1,
          1,
          null,
          null,
          1,
          1,
          1,
          1,
          1,
          null,
          null,
          null,
          1,
          2,
          null,
          1,
          1,
          1,
          1,
          null,
          null,
          null,
          1,
          2,
          null,
          1,
          1,
          1,
          1,
          1,
          null,
          1,
          1,
          null,
          null,
          null,
          1,
          2,
          null,
          1,
          1,
          1,
          1,
          null,
          null,
          null,
          1,
          2,
          null,
          1,
          1,
          1,
          1,
          null,
          null,
          null,
          1,
          2,
          null,
          1,
          1,
          1,
          1,
          null,
          null,
          null,
          1,
          2,
          null,
          1,
          1,
          null,
          null,
          null,
          1,
          2,
          2,
          2,
          null,
          1,
          1,
          1,
          null,
          null,
          1,
          1,
          null,
          null,
          null,
          1,
          1,
          1,
          1,
          null,
          1,
          null,
          null,
          null,
          1,
          2,
          2,
          null,
          1,
          1,
          4,
          null,
          null,
          null,
          1,
          2,
          null,
          1,
          1,
          1,
          1,
          null,
          null,
          null,
          1,
          2,
          2,
          2,
          2,
          null,
          1,
          1,
          1,
          null,
          2,
          null,
          null,
          null,
          null,
          null
        ]
      },
      "/mnt/c/Users/marco/OneDrive/Desktop/UNIVERSITA'/MAGISTRALE/2° Anno Accademico/2° semestre/Ingegneria del Software Avanzata/Progetto/prenotazione-eventi/app/models/event.rb": {
        "lines": [
          1,
          1,
          1,
          1,
          1,
          null,
          1,
          1,
          1,
          1,
          null,
          1,
          41,
          null,
          null,
          1,
          null,
          1,
          40,
          1,
          null,
          null,
          null,
          1,
          39,
          38,
          1,
          null,
          null,
          1,
          null,
          null,
          null,
          1,
          40,
          39,
          1,
          null,
          39,
          2,
          null,
          null,
          1,
          null,
          null,
          null,
          1,
          40,
          1,
          null,
          null,
          null,
          1,
          40,
          1,
          null,
          null,
          null,
          1,
          40,
          1,
          null,
          null,
          null,
          1,
          40,
          39,
          1,
          null,
          null,
          1,
          null,
          null,
          null
        ]
      },
      "/mnt/c/Users/marco/OneDrive/Desktop/UNIVERSITA'/MAGISTRALE/2° Anno Accademico/2° semestre/Ingegneria del Software Avanzata/Progetto/prenotazione-eventi/app/models/application_record.rb": {
        "lines": [
          1,
          1,
          null
        ]
      },
      "/mnt/c/Users/marco/OneDrive/Desktop/UNIVERSITA'/MAGISTRALE/2° Anno Accademico/2° semestre/Ingegneria del Software Avanzata/Progetto/prenotazione-eventi/spec/models/notification_spec.rb": {
        "lines": [
          1,
          null,
          1,
          5,
          3,
          null,
          1,
          1,
          1,
          1,
          null,
          null,
          1,
          1,
          1,
          1,
          null,
          null,
          1,
          1,
          1,
          null,
          null,
          1,
          1,
          1,
          1,
          null,
          null,
          null,
          1,
          1,
          1,
          1,
          null,
          1,
          1,
          null,
          null,
          null
        ]
      },
      "/mnt/c/Users/marco/OneDrive/Desktop/UNIVERSITA'/MAGISTRALE/2° Anno Accademico/2° semestre/Ingegneria del Software Avanzata/Progetto/prenotazione-eventi/app/models/notification.rb": {
        "lines": [
          1,
          1,
          1,
          null,
          1,
          null,
          37,
          null
        ]
      },
      "/mnt/c/Users/marco/OneDrive/Desktop/UNIVERSITA'/MAGISTRALE/2° Anno Accademico/2° semestre/Ingegneria del Software Avanzata/Progetto/prenotazione-eventi/spec/models/subscription_spec.rb": {
        "lines": [
          1,
          null,
          1,
          1,
          2,
          2,
          null,
          1,
          1,
          1,
          1,
          null,
          null,
          null,
          1,
          2,
          2,
          null,
          1,
          1,
          1,
          null,
          1,
          1,
          null,
          null,
          null,
          1,
          2,
          2,
          null,
          1,
          1,
          1,
          null,
          1,
          1,
          1,
          null,
          null,
          null,
          1,
          2,
          2,
          null,
          1,
          1,
          1,
          null,
          1,
          1,
          null,
          1,
          1,
          1,
          null,
          null,
          null,
          1,
          2,
          2,
          null,
          1,
          1,
          1,
          1,
          1,
          null,
          null,
          1,
          1,
          null,
          null,
          null,
          1,
          1,
          1,
          null,
          1,
          1,
          null,
          4,
          null,
          null,
          null,
          1,
          2,
          2,
          null,
          1,
          1,
          1,
          null,
          1,
          1,
          null,
          null,
          null
        ]
      },
      "/mnt/c/Users/marco/OneDrive/Desktop/UNIVERSITA'/MAGISTRALE/2° Anno Accademico/2° semestre/Ingegneria del Software Avanzata/Progetto/prenotazione-eventi/app/models/subscription.rb": {
        "lines": [
          1,
          1,
          1,
          null,
          1,
          null,
          1,
          1,
          1,
          1,
          null,
          1,
          null,
          1,
          23,
          null,
          23,
          3,
          null,
          null,
          null,
          1,
          18,
          3,
          null,
          null,
          null,
          null,
          null,
          null,
          null,
          1,
          25,
          2,
          null,
          null,
          null,
          1,
          25,
          1,
          null,
          null,
          null
        ]
      },
      "/mnt/c/Users/marco/OneDrive/Desktop/UNIVERSITA'/MAGISTRALE/2° Anno Accademico/2° semestre/Ingegneria del Software Avanzata/Progetto/prenotazione-eventi/spec/models/user_spec.rb": {
        "lines": [
          1,
          null,
          1,
          1,
          2,
          null,
          1,
          1,
          1,
          1,
          null,
          null,
          null,
          1,
          2,
          null,
          1,
          1,
          1,
          1,
          null,
          null,
          null,
          1,
          2,
          null,
          1,
          1,
          1,
          1,
          null,
          null,
          null,
          1,
          4,
          null,
          1,
          1,
          1,
          1,
          null,
          null,
          1,
          1,
          1,
          1,
          null,
          null,
          1,
          1,
          1,
          1,
          null,
          null,
          null,
          1,
          2,
          null,
          1,
          1,
          1,
          1,
          null,
          null,
          null,
          1,
          2,
          null,
          1,
          1,
          1,
          1,
          null,
          null,
          null,
          1,
          2,
          null,
          1,
          1,
          1,
          1,
          null,
          null,
          null,
          1,
          2,
          null,
          1,
          1,
          1,
          1,
          null,
          null,
          null,
          1,
          4,
          null,
          1,
          1,
          1,
          1,
          null,
          null,
          1,
          1,
          1,
          1,
          null,
          null,
          1,
          1,
          1,
          1,
          null,
          null,
          null,
          1,
          2,
          null,
          1,
          1,
          1,
          1,
          null,
          null,
          null,
          1,
          2,
          null,
          1,
          1,
          1,
          1,
          1,
          null,
          null,
          null,
          1,
          2,
          null,
          1,
          1,
          1,
          1,
          1,
          null,
          null,
          null,
          1,
          2,
          null,
          1,
          1,
          null,
          null,
          null,
          1,
          2,
          2,
          2,
          null,
          1,
          1,
          1,
          null,
          null,
          1,
          1,
          null,
          null,
          null,
          null
        ]
      },
      "/mnt/c/Users/marco/OneDrive/Desktop/UNIVERSITA'/MAGISTRALE/2° Anno Accademico/2° semestre/Ingegneria del Software Avanzata/Progetto/prenotazione-eventi/app/models/user.rb": {
        "lines": [
          1,
          1,
          1,
          1,
          1,
          1,
          null,
          1,
          1,
          1,
          1,
          1,
          1,
          1,
          1,
          1,
          null,
          1,
          1,
          null,
          null,
          1,
          null,
          1,
          73,
          72,
          1,
          null,
          null,
          1,
          null,
          null,
          null,
          1,
          73,
          3,
          null,
          null,
          null
        ]
      },
      "/mnt/c/Users/marco/OneDrive/Desktop/UNIVERSITA'/MAGISTRALE/2° Anno Accademico/2° semestre/Ingegneria del Software Avanzata/Progetto/prenotazione-eventi/app/controllers/sessions_controller.rb": {
        "lines": [
          1,
          1,
          null,
          null,
          1,
          6,
          null,
          6,
          5,
          5,
          null,
          1,
          1,
          null,
          null,
          null,
          1,
          1,
          1,
          null,
          null
        ]
      },
      "/mnt/c/Users/marco/OneDrive/Desktop/UNIVERSITA'/MAGISTRALE/2° Anno Accademico/2° semestre/Ingegneria del Software Avanzata/Progetto/prenotazione-eventi/app/controllers/application_controller.rb": {
        "lines": [
          1,
          1,
          1,
          null,
          1,
          88,
          46,
          null,
          null,
          null,
          1,
          44,
          null,
          null
        ]
      },
      "/mnt/c/Users/marco/OneDrive/Desktop/UNIVERSITA'/MAGISTRALE/2° Anno Accademico/2° semestre/Ingegneria del Software Avanzata/Progetto/prenotazione-eventi/app/models/current.rb": {
        "lines": [
          1,
          1,
          null
        ]
      },
      "/mnt/c/Users/marco/OneDrive/Desktop/UNIVERSITA'/MAGISTRALE/2° Anno Accademico/2° semestre/Ingegneria del Software Avanzata/Progetto/prenotazione-eventi/app/controllers/events_controller.rb": {
        "lines": [
          1,
          1,
          null,
          1,
          15,
          null,
          15,
          0,
          null,
          null,
          null,
          1,
          0,
          null,
          null,
          1,
          0,
          null,
          null,
          1,
          0,
          null,
          0,
          0,
          null,
          0,
          null,
          null,
          null,
          1,
          0,
          null,
          null,
          1,
          0,
          null,
          0,
          0,
          null,
          0,
          0,
          0,
          null,
          0,
          0,
          0,
          0,
          0,
          null,
          0,
          null,
          null,
          null,
          null,
          null,
          null,
          null,
          null,
          null,
          0,
          0,
          0,
          null,
          null,
          null,
          null,
          null,
          null,
          null,
          0,
          null,
          0,
          null,
          null,
          null,
          null,
          1,
          0,
          null,
          0,
          0,
          null,
          null,
          null,
          null,
          null,
          null,
          0,
          0,
          null,
          null,
          1,
          0,
          0,
          null,
          null,
          1,
          0,
          0,
          0,
          null,
          0,
          0,
          0,
          null,
          null,
          null,
          null,
          null,
          null,
          0,
          null,
          null,
          1,
          null,
          1,
          15,
          0,
          null,
          null,
          null,
          1,
          0,
          null,
          null
        ]
      },
      "/mnt/c/Users/marco/OneDrive/Desktop/UNIVERSITA'/MAGISTRALE/2° Anno Accademico/2° semestre/Ingegneria del Software Avanzata/Progetto/prenotazione-eventi/app/controllers/registrations_controller.rb": {
        "lines": [
          1,
          1,
          4,
          null,
          null,
          1,
          4,
          null,
          4,
          2,
          2,
          null,
          2,
          null,
          null,
          null,
          1,
          null,
          1,
          4,
          null,
          null
        ]
      },
      "/mnt/c/Users/marco/OneDrive/Desktop/UNIVERSITA'/MAGISTRALE/2° Anno Accademico/2° semestre/Ingegneria del Software Avanzata/Progetto/prenotazione-eventi/app/controllers/subscriptions_controller.rb": {
        "lines": [
          1,
          1,
          2,
          null,
          1,
          4,
          4,
          null,
          4,
          3,
          null,
          1,
          null,
          null,
          4,
          null,
          null,
          1,
          1,
          1,
          null,
          1,
          null,
          null
        ]
      }
    },
    "timestamp": 1744641843
  }
}
