{
  "RSpec": {
    "coverage": {
      "/mnt/c/Users/marco/OneDrive/Desktop/UNIVERSITA'/MAGISTRALE/2° Anno Accademico/2° semestre/Ingegneria del Software Avanzata/Progetto/prenotazione-eventi/spec/features/event_management_spec.rb": {
        "lines": [
          1,
          null,
          1,
          9,
          3,
          9,
          null,
          1,
          8,
          8,
          8,
          8,
          8,
          null,
          null,
          1,
          1,
          null,
          1,
          1,
          1,
          1,
          1,
          1,
          1,
          1,
          1,
          null,
          1,
          null,
          null,
          1,
          1,
          null,
          1,
          1,
          1,
          1,
          1,
          1,
          1,
          1,
          1,
          null,
          1,
          null,
          null,
          1,
          1,
          null,
          1,
          null,
          null,
          1,
          1,
          null,
          1,
          1,
          null,
          1,
          null,
          null,
          1,
          1,
          null,
          1,
          1,
          null,
          1,
          null,
          null,
          1,
          1,
          null,
          1,
          null,
          1,
          null,
          null,
          1,
          1,
          null,
          1,
          null,
          1,
          null,
          null,
          1,
          1,
          null,
          1,
          null,
          1,
          null,
          1,
          null,
          null
        ]
      },
      "/mnt/c/Users/marco/OneDrive/Desktop/UNIVERSITA'/MAGISTRALE/2° Anno Accademico/2° semestre/Ingegneria del Software Avanzata/Progetto/prenotazione-eventi/spec/rails_helper.rb": {
        "lines": [
          null,
          1,
          null,
          1,
          1,
          null,
          1,
          1,
          1,
          null,
          null,
          null,
          null,
          null,
          null,
          null,
          null,
          null,
          null,
          null,
          null,
          null,
          null,
          null,
          null,
          null,
          null,
          null,
          null,
          1,
          null,
          0,
          null,
          1,
          null,
          1,
          null,
          null,
          null,
          null,
          null,
          null,
          1,
          null,
          null,
          null,
          null,
          null,
          null,
          null,
          null,
          null,
          null,
          null,
          null,
          null,
          null,
          null,
          null,
          null,
          1,
          null,
          null,
          1,
          null,
          null,
          null,
          1,
          1,
          null,
          null
        ]
      },
      "/mnt/c/Users/marco/OneDrive/Desktop/UNIVERSITA'/MAGISTRALE/2° Anno Accademico/2° semestre/Ingegneria del Software Avanzata/Progetto/prenotazione-eventi/config/environment.rb": {
        "lines": [
          null,
          1,
          null,
          null,
          1
        ]
      },
      "/mnt/c/Users/marco/OneDrive/Desktop/UNIVERSITA'/MAGISTRALE/2° Anno Accademico/2° semestre/Ingegneria del Software Avanzata/Progetto/prenotazione-eventi/config/application.rb": {
        "lines": [
          1,
          null,
          1,
          null,
          null,
          null,
          1,
          null,
          1,
          1,
          null,
          1,
          null,
          null,
          null,
          null,
          1,
          null,
          null,
          null,
          null,
          null,
          null,
          null,
          null,
          null,
          null
        ]
      },
      "/mnt/c/Users/marco/OneDrive/Desktop/UNIVERSITA'/MAGISTRALE/2° Anno Accademico/2° semestre/Ingegneria del Software Avanzata/Progetto/prenotazione-eventi/config/boot.rb": {
        "lines": [
          1,
          null,
          1,
          1
        ]
      },
      "/mnt/c/Users/marco/OneDrive/Desktop/UNIVERSITA'/MAGISTRALE/2° Anno Accademico/2° semestre/Ingegneria del Software Avanzata/Progetto/prenotazione-eventi/config/environments/test.rb": {
        "lines": [
          1,
          null,
          null,
          null,
          null,
          null,
          null,
          1,
          null,
          null,
          null,
          1,
          null,
          null,
          null,
          null,
          null,
          1,
          null,
          null,
          1,
          1,
          null,
          null,
          null,
          null,
          1,
          1,
          1,
          null,
          null,
          1,
          null,
          null,
          1,
          null,
          null,
          1,
          null,
          1,
          null,
          null,
          null,
          null,
          1,
          null,
          null,
          1,
          null,
          null,
          1,
          null,
          null,
          1,
          null,
          null,
          null,
          null,
          null,
          null,
          null,
          null,
          1,
          null
        ]
      },
      "/mnt/c/Users/marco/OneDrive/Desktop/UNIVERSITA'/MAGISTRALE/2° Anno Accademico/2° semestre/Ingegneria del Software Avanzata/Progetto/prenotazione-eventi/config/initializers/assets.rb": {
        "lines": [
          null,
          null,
          null,
          1,
          null,
          null,
          null,
          null,
          null,
          null,
          null,
          null
        ]
      },
      "/mnt/c/Users/marco/OneDrive/Desktop/UNIVERSITA'/MAGISTRALE/2° Anno Accademico/2° semestre/Ingegneria del Software Avanzata/Progetto/prenotazione-eventi/config/initializers/content_security_policy.rb": {
        "lines": [
          null,
          null,
          null,
          null,
          null,
          null,
          null,
          null,
          null,
          null,
          null,
          null,
          null,
          null,
          null,
          null,
          null,
          null,
          null,
          null,
          null,
          null,
          null,
          null,
          null
        ]
      },
      "/mnt/c/Users/marco/OneDrive/Desktop/UNIVERSITA'/MAGISTRALE/2° Anno Accademico/2° semestre/Ingegneria del Software Avanzata/Progetto/prenotazione-eventi/config/initializers/filter_parameter_logging.rb": {
        "lines": [
          null,
          null,
          null,
          null,
          null,
          1,
          null,
          null
        ]
      },
      "/mnt/c/Users/marco/OneDrive/Desktop/UNIVERSITA'/MAGISTRALE/2° Anno Accademico/2° semestre/Ingegneria del Software Avanzata/Progetto/prenotazione-eventi/config/initializers/inflections.rb": {
        "lines": [
          null,
          null,
          null,
          null,
          null,
          null,
          null,
          null,
          null,
          null,
          null,
          null,
          null,
          null,
          null,
          null
        ]
      },
      "/mnt/c/Users/marco/OneDrive/Desktop/UNIVERSITA'/MAGISTRALE/2° Anno Accademico/2° semestre/Ingegneria del Software Avanzata/Progetto/prenotazione-eventi/config/initializers/permissions_policy.rb": {
        "lines": [
          null,
          null,
          null,
          null,
          null,
          null,
          null,
          null,
          null,
          null,
          null,
          null,
          null
        ]
      },
      "/mnt/c/Users/marco/OneDrive/Desktop/UNIVERSITA'/MAGISTRALE/2° Anno Accademico/2° semestre/Ingegneria del Software Avanzata/Progetto/prenotazione-eventi/spec/factories/event.rb": {
        "lines": [
          1,
          1,
          1,
          1,
          9,
          9,
          9,
          9,
          9,
          9,
          9,
          null,
          null
        ]
      },
      "/mnt/c/Users/marco/OneDrive/Desktop/UNIVERSITA'/MAGISTRALE/2° Anno Accademico/2° semestre/Ingegneria del Software Avanzata/Progetto/prenotazione-eventi/spec/factories/notification.rb": {
        "lines": [
          1,
          1,
          1,
          1,
          1,
          1,
          null,
          null
        ]
      },
      "/mnt/c/Users/marco/OneDrive/Desktop/UNIVERSITA'/MAGISTRALE/2° Anno Accademico/2° semestre/Ingegneria del Software Avanzata/Progetto/prenotazione-eventi/spec/factories/subscription.rb": {
        "lines": [
          1,
          1,
          1,
          1,
          null,
          null
        ]
      },
      "/mnt/c/Users/marco/OneDrive/Desktop/UNIVERSITA'/MAGISTRALE/2° Anno Accademico/2° semestre/Ingegneria del Software Avanzata/Progetto/prenotazione-eventi/spec/factories/user.rb": {
        "lines": [
          1,
          1,
          11,
          11,
          11,
          11,
          3,
          11,
          11,
          11,
          null,
          null
        ]
      },
      "/mnt/c/Users/marco/OneDrive/Desktop/UNIVERSITA'/MAGISTRALE/2° Anno Accademico/2° semestre/Ingegneria del Software Avanzata/Progetto/prenotazione-eventi/config/routes.rb": {
        "lines": [
          1,
          null,
          null,
          null,
          null,
          1,
          null,
          null,
          null,
          null,
          1,
          null,
          1,
          null,
          1,
          null,
          1,
          1,
          1,
          null,
          null,
          null,
          1,
          1,
          1,
          1,
          null,
          null,
          1,
          1,
          1,
          1,
          1,
          null,
          null,
          null,
          null,
          1,
          1,
          null,
          1,
          1,
          null,
          1,
          null,
          null,
          null
        ]
      },
      "/mnt/c/Users/marco/OneDrive/Desktop/UNIVERSITA'/MAGISTRALE/2° Anno Accademico/2° semestre/Ingegneria del Software Avanzata/Progetto/prenotazione-eventi/app/helpers/application_helper.rb": {
        "lines": [
          1,
          null
        ]
      },
      "/mnt/c/Users/marco/OneDrive/Desktop/UNIVERSITA'/MAGISTRALE/2° Anno Accademico/2° semestre/Ingegneria del Software Avanzata/Progetto/prenotazione-eventi/app/models/user.rb": {
        "lines": [
          1,
          1,
          1,
          1,
          1,
          1,
          null,
          1,
          1,
          1,
          1,
          1,
          1,
          1,
          1,
          1,
          null,
          1,
          0,
          null,
          null,
          1,
          null,
          1,
          10,
          10,
          0,
          null,
          null,
          0,
          null,
          null,
          null,
          1,
          10,
          0,
          null,
          null,
          null
        ]
      },
      "/mnt/c/Users/marco/OneDrive/Desktop/UNIVERSITA'/MAGISTRALE/2° Anno Accademico/2° semestre/Ingegneria del Software Avanzata/Progetto/prenotazione-eventi/app/models/application_record.rb": {
        "lines": [
          1,
          1,
          null
        ]
      },
      "/mnt/c/Users/marco/OneDrive/Desktop/UNIVERSITA'/MAGISTRALE/2° Anno Accademico/2° semestre/Ingegneria del Software Avanzata/Progetto/prenotazione-eventi/app/models/event.rb": {
        "lines": [
          1,
          1,
          1,
          1,
          1,
          null,
          1,
          1,
          1,
          1,
          null,
          1,
          16,
          null,
          null,
          1,
          null,
          1,
          12,
          0,
          null,
          null,
          null,
          1,
          12,
          12,
          0,
          null,
          null,
          0,
          null,
          null,
          null,
          1,
          12,
          12,
          0,
          null,
          12,
          0,
          null,
          null,
          0,
          null,
          null,
          null,
          1,
          12,
          0,
          null,
          null,
          null,
          1,
          12,
          0,
          null,
          null,
          null,
          1,
          12,
          0,
          null,
          null,
          null,
          1,
          12,
          12,
          0,
          null,
          null,
          0,
          null,
          null,
          null
        ]
      },
      "/mnt/c/Users/marco/OneDrive/Desktop/UNIVERSITA'/MAGISTRALE/2° Anno Accademico/2° semestre/Ingegneria del Software Avanzata/Progetto/prenotazione-eventi/app/controllers/sessions_controller.rb": {
        "lines": [
          1,
          1,
          null,
          null,
          1,
          8,
          null,
          8,
          8,
          8,
          null,
          0,
          0,
          null,
          null,
          null,
          1,
          0,
          0,
          null,
          null
        ]
      },
      "/mnt/c/Users/marco/OneDrive/Desktop/UNIVERSITA'/MAGISTRALE/2° Anno Accademico/2° semestre/Ingegneria del Software Avanzata/Progetto/prenotazione-eventi/app/controllers/application_controller.rb": {
        "lines": [
          1,
          1,
          1,
          null,
          1,
          84,
          52,
          null,
          null,
          null,
          1,
          42,
          null,
          null
        ]
      },
      "/mnt/c/Users/marco/OneDrive/Desktop/UNIVERSITA'/MAGISTRALE/2° Anno Accademico/2° semestre/Ingegneria del Software Avanzata/Progetto/prenotazione-eventi/app/models/current.rb": {
        "lines": [
          1,
          1,
          null
        ]
      },
      "/mnt/c/Users/marco/OneDrive/Desktop/UNIVERSITA'/MAGISTRALE/2° Anno Accademico/2° semestre/Ingegneria del Software Avanzata/Progetto/prenotazione-eventi/app/controllers/events_controller.rb": {
        "lines": [
          1,
          1,
          null,
          1,
          9,
          null,
          9,
          0,
          null,
          null,
          null,
          1,
          4,
          null,
          null,
          1,
          2,
          null,
          null,
          1,
          2,
          null,
          2,
          1,
          null,
          1,
          null,
          null,
          null,
          1,
          2,
          null,
          null,
          1,
          2,
          null,
          2,
          1,
          null,
          1,
          0,
          0,
          null,
          0,
          0,
          0,
          0,
          0,
          null,
          0,
          null,
          null,
          null,
          null,
          null,
          null,
          null,
          null,
          null,
          1,
          0,
          0,
          null,
          null,
          null,
          null,
          null,
          null,
          null,
          1,
          null,
          1,
          null,
          null,
          null,
          null,
          1,
          1,
          null,
          1,
          0,
          null,
          null,
          null,
          null,
          null,
          null,
          1,
          1,
          null,
          null,
          1,
          3,
          3,
          null,
          null,
          1,
          1,
          1,
          1,
          null,
          1,
          1,
          1,
          null,
          null,
          null,
          null,
          null,
          null,
          1,
          null,
          null,
          1,
          null,
          1,
          26,
          0,
          null,
          null,
          null,
          1,
          4,
          null,
          null
        ]
      },
      "/mnt/c/Users/marco/OneDrive/Desktop/UNIVERSITA'/MAGISTRALE/2° Anno Accademico/2° semestre/Ingegneria del Software Avanzata/Progetto/prenotazione-eventi/app/models/notification.rb": {
        "lines": [
          1,
          1,
          1,
          null,
          1,
          null,
          45,
          null
        ]
      },
      "/mnt/c/Users/marco/OneDrive/Desktop/UNIVERSITA'/MAGISTRALE/2° Anno Accademico/2° semestre/Ingegneria del Software Avanzata/Progetto/prenotazione-eventi/app/models/subscription.rb": {
        "lines": [
          1,
          1,
          1,
          null,
          1,
          null,
          1,
          1,
          1,
          1,
          null,
          1,
          null,
          1,
          2,
          null,
          2,
          0,
          null,
          null,
          null,
          1,
          2,
          0,
          null,
          null,
          null,
          null,
          null,
          null,
          null,
          1,
          2,
          0,
          null,
          null,
          null,
          1,
          2,
          0,
          null,
          null,
          null
        ]
      }
    },
    "timestamp": 1744724789
  }
}
